\BOOKMARK [1][-]{section.1}{Introduzione}{}% 1
\BOOKMARK [2][-]{subsection.1.1}{Scopo del progetto}{section.1}% 2
\BOOKMARK [2][-]{subsection.1.2}{Modello}{section.1}% 3
\BOOKMARK [2][-]{subsection.1.3}{Parametri della Simulazione }{section.1}% 4
\BOOKMARK [1][-]{section.2}{Struttura del Progetto}{}% 5
\BOOKMARK [2][-]{subsection.2.1}{Classi}{section.2}% 6
\BOOKMARK [2][-]{subsection.2.2}{Considerazioni}{section.2}% 7
\BOOKMARK [1][-]{section.3}{Risultato delle Simulazioni}{}% 8
\BOOKMARK [2][-]{subsection.3.1}{Car Increment Simulation}{section.3}% 9
\BOOKMARK [2][-]{subsection.3.2}{Oneway Increment Simulation}{section.3}% 10
\BOOKMARK [2][-]{subsection.3.3}{Considerazioni}{section.3}% 11
\BOOKMARK [1][-]{section.4}{Aspetti Informatici}{}% 12
\BOOKMARK [2][-]{subsection.4.1}{Algoritmo di Floyd-Warshall}{section.4}% 13
\BOOKMARK [2][-]{subsection.4.2}{Electron}{section.4}% 14
\BOOKMARK [3][-]{subsubsection.4.2.1}{Threading}{subsection.4.2}% 15
\BOOKMARK [3][-]{subsubsection.4.2.2}{Librerie javascript per grafica}{subsection.4.2}% 16
\BOOKMARK [3][-]{subsubsection.4.2.3}{Modalit\340 grafica}{subsection.4.2}% 17
\BOOKMARK [1][-]{section.5}{Sviluppi Futuri}{}% 18
\BOOKMARK [2][-]{subsection.5.1}{Analisi citt\340 esistenti}{section.5}% 19
\BOOKMARK [2][-]{subsection.5.2}{Topological Data Analysis}{section.5}% 20
\BOOKMARK [2][-]{subsection.5.3}{Semafori e Rotonde}{section.5}% 21
\BOOKMARK [1][-]{section.6}{Conclusioni}{}% 22
\BOOKMARK [1][-]{section*.18}{Riferimenti bibliografici}{}% 23
